running egg_info
writing ../../build/talker_package/talker_package.egg-info/PKG-INFO
writing dependency_links to ../../build/talker_package/talker_package.egg-info/dependency_links.txt
writing entry points to ../../build/talker_package/talker_package.egg-info/entry_points.txt
writing requirements to ../../build/talker_package/talker_package.egg-info/requires.txt
writing top-level names to ../../build/talker_package/talker_package.egg-info/top_level.txt
reading manifest file '../../build/talker_package/talker_package.egg-info/SOURCES.txt'
writing manifest file '../../build/talker_package/talker_package.egg-info/SOURCES.txt'
running build
running build_py
running install
running install_lib
running install_data
running install_egg_info
removing '/home/samridhi/Desktop/Assignments_Y24/ros2_ws/install/talker_package/lib/python3.10/site-packages/talker_package-0.0.0-py3.10.egg-info' (and everything under it)
Copying ../../build/talker_package/talker_package.egg-info to /home/samridhi/Desktop/Assignments_Y24/ros2_ws/install/talker_package/lib/python3.10/site-packages/talker_package-0.0.0-py3.10.egg-info
running install_scripts
Installing launcher_node script to /home/samridhi/Desktop/Assignments_Y24/ros2_ws/install/talker_package/lib/talker_package
Installing publisher_node script to /home/samridhi/Desktop/Assignments_Y24/ros2_ws/install/talker_package/lib/talker_package
Installing talker_node script to /home/samridhi/Desktop/Assignments_Y24/ros2_ws/install/talker_package/lib/talker_package
writing list of installed files to '/home/samridhi/Desktop/Assignments_Y24/ros2_ws/build/talker_package/install.log'
