[0.386s] Invoking command in '/home/samridhi/Desktop/Assignments_Y24/ros2_ws/src/talker_package': PYTHONPATH=/home/samridhi/Desktop/Assignments_Y24/ros2_ws/build/talker_package/prefix_override:/usr/lib/python3/dist-packages/colcon_core/task/python/colcon_distutils_commands:/home/samridhi/Desktop/Assignments_Y24/ros2_ws/install/talker_package/lib/python3.10/site-packages:${PYTHONPATH} /usr/bin/python3 -W ignore:setup.py install is deprecated -W ignore:easy_install command is deprecated setup.py egg_info --egg-base ../../build/talker_package build --build-base /home/samridhi/Desktop/Assignments_Y24/ros2_ws/build/talker_package/build install --record /home/samridhi/Desktop/Assignments_Y24/ros2_ws/build/talker_package/install.log --single-version-externally-managed install_data
[0.528s] running egg_info
[0.529s] writing ../../build/talker_package/talker_package.egg-info/PKG-INFO
[0.531s] writing dependency_links to ../../build/talker_package/talker_package.egg-info/dependency_links.txt
[0.532s] writing entry points to ../../build/talker_package/talker_package.egg-info/entry_points.txt
[0.532s] writing requirements to ../../build/talker_package/talker_package.egg-info/requires.txt
[0.532s] writing top-level names to ../../build/talker_package/talker_package.egg-info/top_level.txt
[0.533s] reading manifest file '../../build/talker_package/talker_package.egg-info/SOURCES.txt'
[0.534s] writing manifest file '../../build/talker_package/talker_package.egg-info/SOURCES.txt'
[0.534s] running build
[0.534s] running build_py
[0.534s] running install
[0.535s] running install_lib
[0.536s] running install_data
[0.536s] running install_egg_info
[0.537s] removing '/home/samridhi/Desktop/Assignments_Y24/ros2_ws/install/talker_package/lib/python3.10/site-packages/talker_package-0.0.0-py3.10.egg-info' (and everything under it)
[0.537s] Copying ../../build/talker_package/talker_package.egg-info to /home/samridhi/Desktop/Assignments_Y24/ros2_ws/install/talker_package/lib/python3.10/site-packages/talker_package-0.0.0-py3.10.egg-info
[0.538s] running install_scripts
[0.552s] Installing launcher_node script to /home/samridhi/Desktop/Assignments_Y24/ros2_ws/install/talker_package/lib/talker_package
[0.552s] Installing publisher_node script to /home/samridhi/Desktop/Assignments_Y24/ros2_ws/install/talker_package/lib/talker_package
[0.552s] Installing talker_node script to /home/samridhi/Desktop/Assignments_Y24/ros2_ws/install/talker_package/lib/talker_package
[0.552s] writing list of installed files to '/home/samridhi/Desktop/Assignments_Y24/ros2_ws/build/talker_package/install.log'
[0.569s] Invoked command in '/home/samridhi/Desktop/Assignments_Y24/ros2_ws/src/talker_package' returned '0': PYTHONPATH=/home/samridhi/Desktop/Assignments_Y24/ros2_ws/build/talker_package/prefix_override:/usr/lib/python3/dist-packages/colcon_core/task/python/colcon_distutils_commands:/home/samridhi/Desktop/Assignments_Y24/ros2_ws/install/talker_package/lib/python3.10/site-packages:${PYTHONPATH} /usr/bin/python3 -W ignore:setup.py install is deprecated -W ignore:easy_install command is deprecated setup.py egg_info --egg-base ../../build/talker_package build --build-base /home/samridhi/Desktop/Assignments_Y24/ros2_ws/build/talker_package/build install --record /home/samridhi/Desktop/Assignments_Y24/ros2_ws/build/talker_package/install.log --single-version-externally-managed install_data
