/home/samridhi/Desktop/Assignments_Y24/ros2_ws/install/talker_package/lib/python3.10/site-packages/talker_package/__init__.py
/home/samridhi/Desktop/Assignments_Y24/ros2_ws/install/talker_package/lib/python3.10/site-packages/talker_package/talker_node.py
/home/samridhi/Desktop/Assignments_Y24/ros2_ws/install/talker_package/lib/python3.10/site-packages/talker_package/launcher_node.py
/home/samridhi/Desktop/Assignments_Y24/ros2_ws/install/talker_package/lib/python3.10/site-packages/talker_package/publisher_node.py
/home/samridhi/Desktop/Assignments_Y24/ros2_ws/install/talker_package/lib/python3.10/site-packages/talker_package/__pycache__/__init__.cpython-310.pyc
/home/samridhi/Desktop/Assignments_Y24/ros2_ws/install/talker_package/lib/python3.10/site-packages/talker_package/__pycache__/talker_node.cpython-310.pyc
/home/samridhi/Desktop/Assignments_Y24/ros2_ws/install/talker_package/lib/python3.10/site-packages/talker_package/__pycache__/launcher_node.cpython-310.pyc
/home/samridhi/Desktop/Assignments_Y24/ros2_ws/install/talker_package/lib/python3.10/site-packages/talker_package/__pycache__/publisher_node.cpython-310.pyc
/home/samridhi/Desktop/Assignments_Y24/ros2_ws/install/talker_package/share/ament_index/resource_index/packages/talker_package
/home/samridhi/Desktop/Assignments_Y24/ros2_ws/install/talker_package/share/talker_package/package.xml
/home/samridhi/Desktop/Assignments_Y24/ros2_ws/install/talker_package/lib/python3.10/site-packages/talker_package-0.0.0-py3.10.egg-info/PKG-INFO
/home/samridhi/Desktop/Assignments_Y24/ros2_ws/install/talker_package/lib/python3.10/site-packages/talker_package-0.0.0-py3.10.egg-info/entry_points.txt
/home/samridhi/Desktop/Assignments_Y24/ros2_ws/install/talker_package/lib/python3.10/site-packages/talker_package-0.0.0-py3.10.egg-info/SOURCES.txt
/home/samridhi/Desktop/Assignments_Y24/ros2_ws/install/talker_package/lib/python3.10/site-packages/talker_package-0.0.0-py3.10.egg-info/requires.txt
/home/samridhi/Desktop/Assignments_Y24/ros2_ws/install/talker_package/lib/python3.10/site-packages/talker_package-0.0.0-py3.10.egg-info/dependency_links.txt
/home/samridhi/Desktop/Assignments_Y24/ros2_ws/install/talker_package/lib/python3.10/site-packages/talker_package-0.0.0-py3.10.egg-info/top_level.txt
/home/samridhi/Desktop/Assignments_Y24/ros2_ws/install/talker_package/lib/python3.10/site-packages/talker_package-0.0.0-py3.10.egg-info/zip-safe
/home/samridhi/Desktop/Assignments_Y24/ros2_ws/install/talker_package/lib/talker_package/launcher_node
/home/samridhi/Desktop/Assignments_Y24/ros2_ws/install/talker_package/lib/talker_package/publisher_node
/home/samridhi/Desktop/Assignments_Y24/ros2_ws/install/talker_package/lib/talker_package/talker_node
