[0.359s] Invoking command in '/home/samridhi/Desktop/ros2_ws/build/talker_package': PYTHONPATH=/home/samridhi/Desktop/ros2_ws/build/talker_package/prefix_override:/usr/lib/python3/dist-packages/colcon_core/task/python/colcon_distutils_commands:/home/samridhi/Desktop/ros2_ws/install/talker_package/lib/python3.10/site-packages:${PYTHONPATH} /usr/bin/python3 -W ignore:setup.py install is deprecated -W ignore:easy_install command is deprecated setup.py develop --uninstall --editable --build-directory /home/samridhi/Desktop/ros2_ws/build/talker_package/build
[0.506s] running develop
[0.590s] Removing /home/samridhi/Desktop/ros2_ws/install/talker_package/lib/python3.10/site-packages/talker-package.egg-link (link to .)
[0.609s] Invoked command in '/home/samridhi/Desktop/ros2_ws/build/talker_package' returned '0': PYTHONPATH=/home/samridhi/Desktop/ros2_ws/build/talker_package/prefix_override:/usr/lib/python3/dist-packages/colcon_core/task/python/colcon_distutils_commands:/home/samridhi/Desktop/ros2_ws/install/talker_package/lib/python3.10/site-packages:${PYTHONPATH} /usr/bin/python3 -W ignore:setup.py install is deprecated -W ignore:easy_install command is deprecated setup.py develop --uninstall --editable --build-directory /home/samridhi/Desktop/ros2_ws/build/talker_package/build
[0.610s] Invoking command in '/home/samridhi/Desktop/ros2_ws/src/talker_package': PYTHONPATH=/home/samridhi/Desktop/ros2_ws/build/talker_package/prefix_override:/usr/lib/python3/dist-packages/colcon_core/task/python/colcon_distutils_commands:/home/samridhi/Desktop/ros2_ws/install/talker_package/lib/python3.10/site-packages:${PYTHONPATH} /usr/bin/python3 -W ignore:setup.py install is deprecated -W ignore:easy_install command is deprecated setup.py egg_info --egg-base ../../build/talker_package build --build-base /home/samridhi/Desktop/ros2_ws/build/talker_package/build install --record /home/samridhi/Desktop/ros2_ws/build/talker_package/install.log --single-version-externally-managed install_data --force
[0.747s] running egg_info
[0.747s] writing ../../build/talker_package/talker_package.egg-info/PKG-INFO
[0.747s] writing dependency_links to ../../build/talker_package/talker_package.egg-info/dependency_links.txt
[0.747s] writing entry points to ../../build/talker_package/talker_package.egg-info/entry_points.txt
[0.748s] writing requirements to ../../build/talker_package/talker_package.egg-info/requires.txt
[0.748s] writing top-level names to ../../build/talker_package/talker_package.egg-info/top_level.txt
[0.748s] reading manifest file '../../build/talker_package/talker_package.egg-info/SOURCES.txt'
[0.750s] writing manifest file '../../build/talker_package/talker_package.egg-info/SOURCES.txt'
[0.750s] running build
[0.750s] running build_py
[0.750s] copying talker_package/talker_node.py -> /home/samridhi/Desktop/ros2_ws/build/talker_package/build/lib/talker_package
[0.750s] copying talker_package/launcher_node.py -> /home/samridhi/Desktop/ros2_ws/build/talker_package/build/lib/talker_package
[0.750s] copying talker_package/publisher_node.py -> /home/samridhi/Desktop/ros2_ws/build/talker_package/build/lib/talker_package
[0.750s] running install
[0.750s] running install_lib
[0.751s] creating /home/samridhi/Desktop/ros2_ws/install/talker_package/lib/python3.10/site-packages/talker_package
[0.751s] copying /home/samridhi/Desktop/ros2_ws/build/talker_package/build/lib/talker_package/__init__.py -> /home/samridhi/Desktop/ros2_ws/install/talker_package/lib/python3.10/site-packages/talker_package
[0.751s] copying /home/samridhi/Desktop/ros2_ws/build/talker_package/build/lib/talker_package/talker_node.py -> /home/samridhi/Desktop/ros2_ws/install/talker_package/lib/python3.10/site-packages/talker_package
[0.751s] copying /home/samridhi/Desktop/ros2_ws/build/talker_package/build/lib/talker_package/launcher_node.py -> /home/samridhi/Desktop/ros2_ws/install/talker_package/lib/python3.10/site-packages/talker_package
[0.751s] copying /home/samridhi/Desktop/ros2_ws/build/talker_package/build/lib/talker_package/publisher_node.py -> /home/samridhi/Desktop/ros2_ws/install/talker_package/lib/python3.10/site-packages/talker_package
[0.751s] byte-compiling /home/samridhi/Desktop/ros2_ws/install/talker_package/lib/python3.10/site-packages/talker_package/__init__.py to __init__.cpython-310.pyc
[0.751s] byte-compiling /home/samridhi/Desktop/ros2_ws/install/talker_package/lib/python3.10/site-packages/talker_package/talker_node.py to talker_node.cpython-310.pyc
[0.751s] byte-compiling /home/samridhi/Desktop/ros2_ws/install/talker_package/lib/python3.10/site-packages/talker_package/launcher_node.py to launcher_node.cpython-310.pyc
[0.751s] byte-compiling /home/samridhi/Desktop/ros2_ws/install/talker_package/lib/python3.10/site-packages/talker_package/publisher_node.py to publisher_node.cpython-310.pyc
[0.752s] running install_data
[0.752s] copying resource/talker_package -> /home/samridhi/Desktop/ros2_ws/install/talker_package/share/ament_index/resource_index/packages
[0.752s] copying package.xml -> /home/samridhi/Desktop/ros2_ws/install/talker_package/share/talker_package
[0.752s] running install_egg_info
[0.753s] Copying ../../build/talker_package/talker_package.egg-info to /home/samridhi/Desktop/ros2_ws/install/talker_package/lib/python3.10/site-packages/talker_package-0.0.0-py3.10.egg-info
[0.753s] running install_scripts
[0.767s] Installing launcher_node script to /home/samridhi/Desktop/ros2_ws/install/talker_package/lib/talker_package
[0.767s] Installing publisher_node script to /home/samridhi/Desktop/ros2_ws/install/talker_package/lib/talker_package
[0.767s] Installing talker_node script to /home/samridhi/Desktop/ros2_ws/install/talker_package/lib/talker_package
[0.767s] writing list of installed files to '/home/samridhi/Desktop/ros2_ws/build/talker_package/install.log'
[0.783s] Invoked command in '/home/samridhi/Desktop/ros2_ws/src/talker_package' returned '0': PYTHONPATH=/home/samridhi/Desktop/ros2_ws/build/talker_package/prefix_override:/usr/lib/python3/dist-packages/colcon_core/task/python/colcon_distutils_commands:/home/samridhi/Desktop/ros2_ws/install/talker_package/lib/python3.10/site-packages:${PYTHONPATH} /usr/bin/python3 -W ignore:setup.py install is deprecated -W ignore:easy_install command is deprecated setup.py egg_info --egg-base ../../build/talker_package build --build-base /home/samridhi/Desktop/ros2_ws/build/talker_package/build install --record /home/samridhi/Desktop/ros2_ws/build/talker_package/install.log --single-version-externally-managed install_data --force
