[0.373s] Invoking command in '/home/samridhi/Desktop/Assignments_Y24/ros2_ws/src/talker_package': PYTHONPATH=/home/samridhi/Desktop/Assignments_Y24/ros2_ws/build/talker_package/prefix_override:/usr/lib/python3/dist-packages/colcon_core/task/python/colcon_distutils_commands:/home/samridhi/Desktop/Assignments_Y24/ros2_ws/install/talker_package/lib/python3.10/site-packages:${PYTHONPATH} /usr/bin/python3 -W ignore:setup.py install is deprecated -W ignore:easy_install command is deprecated setup.py egg_info --egg-base ../../build/talker_package build --build-base /home/samridhi/Desktop/Assignments_Y24/ros2_ws/build/talker_package/build install --record /home/samridhi/Desktop/Assignments_Y24/ros2_ws/build/talker_package/install.log --single-version-externally-managed install_data
[0.508s] running egg_info
[0.509s] writing ../../build/talker_package/talker_package.egg-info/PKG-INFO
[0.509s] writing dependency_links to ../../build/talker_package/talker_package.egg-info/dependency_links.txt
[0.509s] writing entry points to ../../build/talker_package/talker_package.egg-info/entry_points.txt
[0.509s] writing requirements to ../../build/talker_package/talker_package.egg-info/requires.txt
[0.509s] writing top-level names to ../../build/talker_package/talker_package.egg-info/top_level.txt
[0.510s] reading manifest file '../../build/talker_package/talker_package.egg-info/SOURCES.txt'
[0.511s] writing manifest file '../../build/talker_package/talker_package.egg-info/SOURCES.txt'
[0.511s] running build
[0.511s] running build_py
[0.511s] copying talker_package/talker_node.py -> /home/samridhi/Desktop/Assignments_Y24/ros2_ws/build/talker_package/build/lib/talker_package
[0.511s] copying talker_package/launcher_node.py -> /home/samridhi/Desktop/Assignments_Y24/ros2_ws/build/talker_package/build/lib/talker_package
[0.511s] copying talker_package/publisher_node.py -> /home/samridhi/Desktop/Assignments_Y24/ros2_ws/build/talker_package/build/lib/talker_package
[0.511s] running install
[0.512s] running install_lib
[0.512s] copying /home/samridhi/Desktop/Assignments_Y24/ros2_ws/build/talker_package/build/lib/talker_package/talker_node.py -> /home/samridhi/Desktop/Assignments_Y24/ros2_ws/install/talker_package/lib/python3.10/site-packages/talker_package
[0.512s] copying /home/samridhi/Desktop/Assignments_Y24/ros2_ws/build/talker_package/build/lib/talker_package/launcher_node.py -> /home/samridhi/Desktop/Assignments_Y24/ros2_ws/install/talker_package/lib/python3.10/site-packages/talker_package
[0.512s] copying /home/samridhi/Desktop/Assignments_Y24/ros2_ws/build/talker_package/build/lib/talker_package/publisher_node.py -> /home/samridhi/Desktop/Assignments_Y24/ros2_ws/install/talker_package/lib/python3.10/site-packages/talker_package
[0.512s] byte-compiling /home/samridhi/Desktop/Assignments_Y24/ros2_ws/install/talker_package/lib/python3.10/site-packages/talker_package/talker_node.py to talker_node.cpython-310.pyc
[0.512s] byte-compiling /home/samridhi/Desktop/Assignments_Y24/ros2_ws/install/talker_package/lib/python3.10/site-packages/talker_package/launcher_node.py to launcher_node.cpython-310.pyc
[0.512s] byte-compiling /home/samridhi/Desktop/Assignments_Y24/ros2_ws/install/talker_package/lib/python3.10/site-packages/talker_package/publisher_node.py to publisher_node.cpython-310.pyc
[0.513s] running install_data
[0.513s] copying package.xml -> /home/samridhi/Desktop/Assignments_Y24/ros2_ws/install/talker_package/share/talker_package
[0.513s] running install_egg_info
[0.514s] removing '/home/samridhi/Desktop/Assignments_Y24/ros2_ws/install/talker_package/lib/python3.10/site-packages/talker_package-0.0.0-py3.10.egg-info' (and everything under it)
[0.514s] Copying ../../build/talker_package/talker_package.egg-info to /home/samridhi/Desktop/Assignments_Y24/ros2_ws/install/talker_package/lib/python3.10/site-packages/talker_package-0.0.0-py3.10.egg-info
[0.514s] running install_scripts
[0.528s] Installing launcher_node script to /home/samridhi/Desktop/Assignments_Y24/ros2_ws/install/talker_package/lib/talker_package
[0.528s] Installing publisher_node script to /home/samridhi/Desktop/Assignments_Y24/ros2_ws/install/talker_package/lib/talker_package
[0.528s] Installing talker_node script to /home/samridhi/Desktop/Assignments_Y24/ros2_ws/install/talker_package/lib/talker_package
[0.528s] writing list of installed files to '/home/samridhi/Desktop/Assignments_Y24/ros2_ws/build/talker_package/install.log'
[0.546s] Invoked command in '/home/samridhi/Desktop/Assignments_Y24/ros2_ws/src/talker_package' returned '0': PYTHONPATH=/home/samridhi/Desktop/Assignments_Y24/ros2_ws/build/talker_package/prefix_override:/usr/lib/python3/dist-packages/colcon_core/task/python/colcon_distutils_commands:/home/samridhi/Desktop/Assignments_Y24/ros2_ws/install/talker_package/lib/python3.10/site-packages:${PYTHONPATH} /usr/bin/python3 -W ignore:setup.py install is deprecated -W ignore:easy_install command is deprecated setup.py egg_info --egg-base ../../build/talker_package build --build-base /home/samridhi/Desktop/Assignments_Y24/ros2_ws/build/talker_package/build install --record /home/samridhi/Desktop/Assignments_Y24/ros2_ws/build/talker_package/install.log --single-version-externally-managed install_data
