running egg_info
creating ../../build/talker_package/talker_package.egg-info
writing ../../build/talker_package/talker_package.egg-info/PKG-INFO
writing dependency_links to ../../build/talker_package/talker_package.egg-info/dependency_links.txt
writing entry points to ../../build/talker_package/talker_package.egg-info/entry_points.txt
writing requirements to ../../build/talker_package/talker_package.egg-info/requires.txt
writing top-level names to ../../build/talker_package/talker_package.egg-info/top_level.txt
writing manifest file '../../build/talker_package/talker_package.egg-info/SOURCES.txt'
reading manifest file '../../build/talker_package/talker_package.egg-info/SOURCES.txt'
writing manifest file '../../build/talker_package/talker_package.egg-info/SOURCES.txt'
running build
running build_py
creating /home/samridhi/Desktop/ros2_ws/build/talker_package/build
creating /home/samridhi/Desktop/ros2_ws/build/talker_package/build/lib
creating /home/samridhi/Desktop/ros2_ws/build/talker_package/build/lib/talker_package
copying talker_package/__init__.py -> /home/samridhi/Desktop/ros2_ws/build/talker_package/build/lib/talker_package
copying talker_package/talker_node.py -> /home/samridhi/Desktop/ros2_ws/build/talker_package/build/lib/talker_package
copying talker_package/launcher_node.py -> /home/samridhi/Desktop/ros2_ws/build/talker_package/build/lib/talker_package
copying talker_package/publisher_node.py -> /home/samridhi/Desktop/ros2_ws/build/talker_package/build/lib/talker_package
running install
running install_lib
creating /home/samridhi/Desktop/ros2_ws/install/talker_package/lib/python3.10/site-packages/talker_package
copying /home/samridhi/Desktop/ros2_ws/build/talker_package/build/lib/talker_package/__init__.py -> /home/samridhi/Desktop/ros2_ws/install/talker_package/lib/python3.10/site-packages/talker_package
copying /home/samridhi/Desktop/ros2_ws/build/talker_package/build/lib/talker_package/talker_node.py -> /home/samridhi/Desktop/ros2_ws/install/talker_package/lib/python3.10/site-packages/talker_package
copying /home/samridhi/Desktop/ros2_ws/build/talker_package/build/lib/talker_package/launcher_node.py -> /home/samridhi/Desktop/ros2_ws/install/talker_package/lib/python3.10/site-packages/talker_package
copying /home/samridhi/Desktop/ros2_ws/build/talker_package/build/lib/talker_package/publisher_node.py -> /home/samridhi/Desktop/ros2_ws/install/talker_package/lib/python3.10/site-packages/talker_package
byte-compiling /home/samridhi/Desktop/ros2_ws/install/talker_package/lib/python3.10/site-packages/talker_package/__init__.py to __init__.cpython-310.pyc
byte-compiling /home/samridhi/Desktop/ros2_ws/install/talker_package/lib/python3.10/site-packages/talker_package/talker_node.py to talker_node.cpython-310.pyc
byte-compiling /home/samridhi/Desktop/ros2_ws/install/talker_package/lib/python3.10/site-packages/talker_package/launcher_node.py to launcher_node.cpython-310.pyc
byte-compiling /home/samridhi/Desktop/ros2_ws/install/talker_package/lib/python3.10/site-packages/talker_package/publisher_node.py to publisher_node.cpython-310.pyc
running install_data
creating /home/samridhi/Desktop/ros2_ws/install/talker_package/share/ament_index
creating /home/samridhi/Desktop/ros2_ws/install/talker_package/share/ament_index/resource_index
creating /home/samridhi/Desktop/ros2_ws/install/talker_package/share/ament_index/resource_index/packages
copying resource/talker_package -> /home/samridhi/Desktop/ros2_ws/install/talker_package/share/ament_index/resource_index/packages
copying package.xml -> /home/samridhi/Desktop/ros2_ws/install/talker_package/share/talker_package
running install_egg_info
Copying ../../build/talker_package/talker_package.egg-info to /home/samridhi/Desktop/ros2_ws/install/talker_package/lib/python3.10/site-packages/talker_package-0.0.0-py3.10.egg-info
running install_scripts
writing list of installed files to '/home/samridhi/Desktop/ros2_ws/build/talker_package/install.log'
