[0.351s] Invoking command in '/home/samridhi/Desktop/ros2_ws/src/talker_package': PYTHONPATH=/home/samridhi/Desktop/ros2_ws/build/talker_package/prefix_override:/usr/lib/python3/dist-packages/colcon_core/task/python/colcon_distutils_commands:/home/samridhi/Desktop/ros2_ws/install/talker_package/lib/python3.10/site-packages:${PYTHONPATH} /usr/bin/python3 -W ignore:setup.py install is deprecated -W ignore:easy_install command is deprecated setup.py egg_info --egg-base ../../build/talker_package build --build-base /home/samridhi/Desktop/ros2_ws/build/talker_package/build install --record /home/samridhi/Desktop/ros2_ws/build/talker_package/install.log --single-version-externally-managed install_data
[0.488s] running egg_info
[0.488s] writing ../../build/talker_package/talker_package.egg-info/PKG-INFO
[0.488s] writing dependency_links to ../../build/talker_package/talker_package.egg-info/dependency_links.txt
[0.489s] writing entry points to ../../build/talker_package/talker_package.egg-info/entry_points.txt
[0.489s] writing requirements to ../../build/talker_package/talker_package.egg-info/requires.txt
[0.489s] writing top-level names to ../../build/talker_package/talker_package.egg-info/top_level.txt
[0.490s] reading manifest file '../../build/talker_package/talker_package.egg-info/SOURCES.txt'
[0.491s] writing manifest file '../../build/talker_package/talker_package.egg-info/SOURCES.txt'
[0.491s] running build
[0.491s] running build_py
[0.491s] copying talker_package/launcher_node.py -> /home/samridhi/Desktop/ros2_ws/build/talker_package/build/lib/talker_package
[0.491s] copying talker_package/publisher_node.py -> /home/samridhi/Desktop/ros2_ws/build/talker_package/build/lib/talker_package
[0.491s] running install
[0.492s] running install_lib
[0.492s] copying /home/samridhi/Desktop/ros2_ws/build/talker_package/build/lib/talker_package/launcher_node.py -> /home/samridhi/Desktop/ros2_ws/install/talker_package/lib/python3.10/site-packages/talker_package
[0.492s] copying /home/samridhi/Desktop/ros2_ws/build/talker_package/build/lib/talker_package/publisher_node.py -> /home/samridhi/Desktop/ros2_ws/install/talker_package/lib/python3.10/site-packages/talker_package
[0.492s] byte-compiling /home/samridhi/Desktop/ros2_ws/install/talker_package/lib/python3.10/site-packages/talker_package/launcher_node.py to launcher_node.cpython-310.pyc
[0.493s] byte-compiling /home/samridhi/Desktop/ros2_ws/install/talker_package/lib/python3.10/site-packages/talker_package/publisher_node.py to publisher_node.cpython-310.pyc
[0.493s] running install_data
[0.493s] running install_egg_info
[0.494s] removing '/home/samridhi/Desktop/ros2_ws/install/talker_package/lib/python3.10/site-packages/talker_package-0.0.0-py3.10.egg-info' (and everything under it)
[0.495s] Copying ../../build/talker_package/talker_package.egg-info to /home/samridhi/Desktop/ros2_ws/install/talker_package/lib/python3.10/site-packages/talker_package-0.0.0-py3.10.egg-info
[0.495s] running install_scripts
[0.509s] Installing launcher_node script to /home/samridhi/Desktop/ros2_ws/install/talker_package/lib/talker_package
[0.509s] Installing publisher_node script to /home/samridhi/Desktop/ros2_ws/install/talker_package/lib/talker_package
[0.509s] Installing talker_node script to /home/samridhi/Desktop/ros2_ws/install/talker_package/lib/talker_package
[0.509s] writing list of installed files to '/home/samridhi/Desktop/ros2_ws/build/talker_package/install.log'
[0.527s] Invoked command in '/home/samridhi/Desktop/ros2_ws/src/talker_package' returned '0': PYTHONPATH=/home/samridhi/Desktop/ros2_ws/build/talker_package/prefix_override:/usr/lib/python3/dist-packages/colcon_core/task/python/colcon_distutils_commands:/home/samridhi/Desktop/ros2_ws/install/talker_package/lib/python3.10/site-packages:${PYTHONPATH} /usr/bin/python3 -W ignore:setup.py install is deprecated -W ignore:easy_install command is deprecated setup.py egg_info --egg-base ../../build/talker_package build --build-base /home/samridhi/Desktop/ros2_ws/build/talker_package/build install --record /home/samridhi/Desktop/ros2_ws/build/talker_package/install.log --single-version-externally-managed install_data
